*** Using Compiler 'V5.06 update 7 (build 960)', folder: 'E:\Keil_v5\ARM\ARMCC\Bin'
Build target 'nrf52833_xxaa'
compiling port_cmsis_systick.c...
compiling ble_advdata.c...
compiling ble_advertising.c...
compiling ble_conn_params.c...
compiling boards.c...
compiling bsp.c...
compiling bsp_btn_ble.c...
compiling ads1292.c...
ads1292.h(285): warning:  #1-D: last line of file ends without a newline
  #endif /* __ADS1292_H__ */
attention.h(235): warning:  #1-D: last line of file ends without a newline
  #endif /* __ATTENTION_H__ */
ads1292.c: 2 warnings, 0 errors
compiling rtc.c...
..\arm5_no_packs_0126\rtc.h(59): warning:  #1-D: last line of file ends without a newline
  #endif
..\arm5_no_packs_0126\rtc.c(168): warning:  #177-D: variable "seconds"  was declared but never referenced
  		uint8_t seconds[1];		
..\arm5_no_packs_0126\rtc.c(210): warning:  #177-D: variable "part_id"  was declared but never referenced
      uint8_t part_id = 0;
..\arm5_no_packs_0126\rtc.c(211): warning:  #177-D: variable "ret"  was declared but never referenced
      ret_code_t ret;
..\arm5_no_packs_0126\rtc.c: 4 warnings, 0 errors
compiling QMI8658C.c...
compiling ble_link_ctx_manager.c...
compiling spo2.c...
..\arm5_no_packs_0126\spo2.h(64): warning:  #1-D: last line of file ends without a newline
  #endif
..\arm5_no_packs_0126\max30102_fir.h(11): warning:  #1-D: last line of file ends without a newline
  #endif /* __MAX30102_FIR_H */
..\arm5_no_packs_0126\spo2.c: 2 warnings, 0 errors
compiling nrf_ble_qwr.c...
compiling nrf_ble_gatt.c...
compiling ble_conn_state.c...
compiling ecg.c...
..\arm5_no_packs_0126\ads1292.h(34): warning:  #1-D: last line of file ends without a newline
  #endif
..\arm5_no_packs_0126\findpeaks.h(15): warning:  #1-D: last line of file ends without a newline
  #endif  //__findpeaks_H
..\arm5_no_packs_0126\midfilt.h(18): warning:  #1-D: last line of file ends without a newline
  #endif //__medfilt_H
..\arm5_no_packs_0126\spo2.h(64): warning:  #1-D: last line of file ends without a newline
  #endif
..\arm5_no_packs_0126\ecg.h(18): warning:  #1-D: last line of file ends without a newline
  #endif
..\arm5_no_packs_0126\ecg.c(168): warning:  #177-D: variable "breath_rate"  was declared but never referenced
  		int32_t breath_rate;
..\arm5_no_packs_0126\ecg.c(295): warning:  #177-D: variable "n"  was declared but never referenced
  		static uint16_t j,mid_filt_num,n;
..\arm5_no_packs_0126\ecg.c(48): warning:  #177-D: variable "bpm_cache1"  was declared but never referenced
  static int32_t bpm_cache1[BMP_CACHE_SIZE]; 
..\arm5_no_packs_0126\ecg.c(67): warning:  #177-D: variable "bpm"  was declared but never referenced
  static int32_t bpm;                          //ą─┬╩╩²ųĄ
..\arm5_no_packs_0126\ecg.c(75): warning:  #550-D: variable "breath_freauence"  was set but never used
  static int32_t breath_freauence;                          //║¶╬³ŲĄ┬╩
..\arm5_no_packs_0126\ecg.c: 10 warnings, 0 errors
compiling bluetooth.c...
..\arm5_no_packs_0126\spo2.h(64): warning:  #1-D: last line of file ends without a newline
  #endif
..\arm5_no_packs_0126\ecg.h(18): warning:  #1-D: last line of file ends without a newline
  #endif
..\arm5_no_packs_0126\ads1292.h(34): warning:  #1-D: last line of file ends without a newline
  #endif
..\arm5_no_packs_0126\../arm5_no_packs/attention.h(235): warning:  #1-D: last line of file ends without a newline
  #endif /* __ATTENTION_H__ */
..\arm5_no_packs_0126\info_collect.h(23): warning:  #1-D: last line of file ends without a newline
  #endif
..\arm5_no_packs_0126\bluetooth.c(1089): warning:  #177-D: variable "erase_bonds"  was declared but never referenced
      bool erase_bonds;
..\arm5_no_packs_0126\bluetooth.c: 6 warnings, 0 errors
compiling ble_nus.c...
compiling nrf_drv_uart.c...
compiling main.c...
..\arm5_no_packs_0126\ads1292.h(34): warning:  #1-D: last line of file ends without a newline
  #endif
..\arm5_no_packs_0126\findpeaks.h(15): warning:  #1-D: last line of file ends without a newline
  #endif  //__findpeaks_H
..\arm5_no_packs_0126\midfilt.h(18): warning:  #1-D: last line of file ends without a newline
  #endif //__medfilt_H
..\arm5_no_packs_0126\ecg.h(18): warning:  #1-D: last line of file ends without a newline
  #endif
..\arm5_no_packs_0126\spo2.h(64): warning:  #1-D: last line of file ends without a newline
  #endif
..\arm5_no_packs_0126\rtc.h(59): warning:  #1-D: last line of file ends without a newline
  #endif
..\arm5_no_packs_0126\info_collect.h(23): warning:  #1-D: last line of file ends without a newline
  #endif
..\arm5_no_packs_0126\low_power_mode.h(7): warning:  #1-D: last line of file ends without a newline
  #endif
..\..\..\main.c: 8 warnings, 0 errors
compiling nrfx_atomic.c...
compiling nrf_drv_clock.c...
compiling nrfx_clock.c...
compiling nrf_drv_power.c...
compiling nrf_drv_rng.c...
compiling nrfx_gpiote.c...
compiling nrfx_prs.c...
compiling nrfx_uart.c...
compiling nrf_drv_spi.c...
compiling nrfx_twi.c...
compiling app_error_handler_keil.c...
compiling nrf_drv_twi.c...
compiling nrfx_uarte.c...
compiling nrfx_spim.c...
compiling nrfx_twis.c...
compiling nrfx_twim.c...
compiling app_fifo.c...
compiling app_button.c...
compiling app_error_weak.c...
compiling app_scheduler.c...
compiling hardfault_implementation.c...
compiling nrf_atomic.c...
compiling nrf_fprintf.c...
compiling nrf_atflags.c...
compiling nrf_atfifo.c...
compiling nrf_fprintf_format.c...
compiling nrf_balloc.c...
compiling app_timer2.c...
compiling nrf_memobj.c...
compiling nrf_section_iter.c...
compiling nrf_ringbuf.c...
compiling app_uart_fifo.c...
compiling drv_rtc.c...
compiling SEGGER_RTT_Syscalls_KEIL.c...
compiling nrf_pwr_mgmt.c...
compiling nrf_sortlist.c...
compiling nrf_strerror.c...
compiling retarget.c...
compiling nrf_log_backend_serial.c...
compiling SEGGER_RTT.c...
compiling SEGGER_RTT_printf.c...
compiling nrf_log_default_backends.c...
compiling nrf_log_str_formatter.c...
compiling nrf_log_frontend.c...
compiling nrf_sdh_soc.c...
compiling nrf_log_backend_rtt.c...
compiling nrf_sdh_ble.c...
compiling nrf_sdh.c...
linking...
Program Size: Code=48048 RO-data=83996 RW-data=732 ZI-data=67652  
FromELF: creating hex file...
".\_build\nrf52833_xxaa.axf" - 0 Error(s), 32 Warning(s).
Build Time Elapsed:  00:00:21
